<?xml version="1.0" encoding="UTF-8"?>
<testng-results skipped="0" failed="0" ignored="0" total="1" passed="1">
  <reporter-output>
  </reporter-output>
  <suite name="Default suite" duration-ms="35638" started-at="2018-08-29T21:49:20Z" finished-at="2018-08-29T21:49:56Z">
    <groups>
    </groups>
    <test name="Default test" duration-ms="35638" started-at="2018-08-29T21:49:20Z" finished-at="2018-08-29T21:49:56Z">
      <class name="com.vagarant.test.tests.SignInTest">
        <test-method status="PASS" signature="setUp()[pri:0, instance:com.vagarant.test.tests.SignInTest@146ba0ac]" name="setUp" is-config="true" duration-ms="24702" started-at="2018-08-29T21:49:21Z" finished-at="2018-08-29T21:49:45Z">
          <reporter-output>
          </reporter-output>
        </test-method> <!-- setUp -->
        <test-method status="PASS" signature="Login()[pri:0, instance:com.vagarant.test.tests.SignInTest@146ba0ac]" name="Login" duration-ms="10810" started-at="2018-08-29T21:49:45Z" finished-at="2018-08-29T21:49:56Z">
          <reporter-output>
          </reporter-output>
        </test-method> <!-- Login -->
        <test-method status="PASS" signature="tearDown()[pri:0, instance:com.vagarant.test.tests.SignInTest@146ba0ac]" name="tearDown" is-config="true" duration-ms="1411" started-at="2018-08-29T21:49:56Z" finished-at="2018-08-29T21:49:58Z">
          <reporter-output>
          </reporter-output>
        </test-method> <!-- tearDown -->
      </class> <!-- com.vagarant.test.tests.SignInTest -->
    </test> <!-- Default test -->
  </suite> <!-- Default suite -->
</testng-results>
